0 info it worked if it ends with ok
1 verbose cli [ '/usr/local/bin/iojs',
1 verbose cli   '/usr/local/bin/npm',
1 verbose cli   'uninstall',
1 verbose cli   '--g',
1 verbose cli   'jade' ]
2 info using npm@2.11.3
3 info using node@v2.3.1
4 verbose unbuild lib/node_modules/jade
5 info preuninstall jade@1.11.0
6 info uninstall jade@1.11.0
7 verbose unbuild rmStuff jade@1.11.0 from /usr/local/lib/node_modules
8 silly gentlyRm /usr/local/bin/jade is being gently removed
9 silly gentlyRm verifying /usr/local is an npm working directory
10 silly gentlyRm containing path /usr/local is under npm's control, in /usr/local
11 silly gentlyRm deletion target /usr/local/bin/jade is under /usr/local
12 verbose gentlyRm vacuuming from /usr/local/bin/jade up to /usr/local
13 silly vacuum-fs removing /usr/local/bin/jade
14 silly vacuum-fs quitting because other entries in /usr/local/bin
15 info postuninstall jade@1.11.0
16 silly gentlyRm /usr/local/lib/node_modules/jade is being purged from base /usr/local
17 verbose gentlyRm don't care about contents; nuking /usr/local/lib/node_modules/jade
18 silly vacuum-fs purging /usr/local/lib/node_modules/jade
19 verbose stack Error: EACCES: permission denied, rmdir '/usr/local/lib/node_modules/jade'
19 verbose stack     at Error (native)
20 verbose cwd /Users/marcusrussi/Desktop/forest-farmstead-website
21 error Darwin 14.1.0
22 error argv "/usr/local/bin/iojs" "/usr/local/bin/npm" "uninstall" "--g" "jade"
23 error node v2.3.1
24 error npm  v2.11.3
25 error path /usr/local/lib/node_modules/jade
26 error code EACCES
27 error errno -13
28 error syscall rmdir
29 error Error: EACCES: permission denied, rmdir '/usr/local/lib/node_modules/jade'
29 error     at Error (native)
29 error  { [Error: EACCES: permission denied, rmdir '/usr/local/lib/node_modules/jade']
29 error   errno: -13,
29 error   code: 'EACCES',
29 error   syscall: 'rmdir',
29 error   path: '/usr/local/lib/node_modules/jade' }
30 error Please try running this command again as root/Administrator.
31 verbose exit [ -13, true ]
